<?xml version="1.0" encoding="UTF-8"?>
<testng-results ignored="0" total="1" passed="1" failed="0" skipped="0">
  <reporter-output>
  </reporter-output>
  <suite started-at="2024-07-14T22:07:30 IST" name="Default suite" finished-at="2024-07-14T22:08:31 IST" duration-ms="61031">
    <groups>
    </groups>
    <test started-at="2024-07-14T22:07:30 IST" name="Default test" finished-at="2024-07-14T22:08:31 IST" duration-ms="61031">
      <class name="Package3.SeleniumProject3.Testcase5">
        <test-method signature="login_to_search()[pri:0, instance:Package3.SeleniumProject3.Testcase5@a530d0a]" started-at="2024-07-14T22:07:30 IST" name="login_to_search" finished-at="2024-07-14T22:08:30 IST" duration-ms="60817" status="PASS">
          <reporter-output>
          </reporter-output>
        </test-method> <!-- login_to_search -->
      </class> <!-- Package3.SeleniumProject3.Testcase5 -->
    </test> <!-- Default test -->
  </suite> <!-- Default suite -->
</testng-results>
